
// accordion imports listing
    
// import { BasicAccordion } from 'src/components/widgets/mui-accordion/basic-accordion.js';
// import { ControlledAccordions } from 'src/components/widgets/mui-accordion/controlled-accordions.js';
// import { CustomizedAccordions } from 'src/components/widgets/mui-accordion/customized-accordions.js';

// container imports listing
    
// import { FixedContainer } from 'src/components/widgets/mui-container/fixed-container.js';
// import { SimpleContainer } from 'src/components/widgets/mui-container/simple-container.js';

// pagination imports listing
    
// import { BasicPagination } from 'src/components/widgets/mui-pagination/basic-pagination.js';
// import { CustomIcons } from 'src/components/widgets/mui-pagination/custom-icons.js';
// import { PaginationButtons } from 'src/components/widgets/mui-pagination/pagination-buttons.js';
// import { PaginationControlled } from 'src/components/widgets/mui-pagination/pagination-controlled.js';
// import { PaginationLink } from 'src/components/widgets/mui-pagination/pagination-link.js';
// import { PaginationOutlined } from 'src/components/widgets/mui-pagination/pagination-outlined.js';
// import { PaginationRanges } from 'src/components/widgets/mui-pagination/pagination-ranges.js';
// import { PaginationRounded } from 'src/components/widgets/mui-pagination/pagination-rounded.js';
// import { PaginationSize } from 'src/components/widgets/mui-pagination/pagination-size.js';
// import { TablePagination } from 'src/components/widgets/mui-pagination/table-pagination.js';
// import { UsePagination } from 'src/components/widgets/mui-pagination/use-pagination.js';

// stack imports listing
    
// import { BasicStack } from 'src/components/widgets/mui-stack/basic-stack.js';
// import { DirectionStack } from 'src/components/widgets/mui-stack/direction-stack.js';
// import { DividerStack } from 'src/components/widgets/mui-stack/divider-stack.js';
// import { FlexboxGapStack } from 'src/components/widgets/mui-stack/flexbox-gap-stack.js';
// import { InteractiveStack } from 'src/components/widgets/mui-stack/interactive-stack.js';
// import { ResponsiveStack } from 'src/components/widgets/mui-stack/responsive-stack.js';
// import { ZeroWidthStack } from 'src/components/widgets/mui-stack/zero-width-stack.js';

// steppers imports listing
    
// import { CustomizedSteppers } from 'src/components/widgets/mui-steppers/customized-steppers.js';
// import { DotsMobileStepper } from 'src/components/widgets/mui-steppers/dots-mobile-stepper.js';
// import { HorizontalLinearAlternativeLabelStepper } from 'src/components/widgets/mui-steppers/horizontal-linear-alternative-label-stepper.js';
// import { HorizontalLinearStepper } from 'src/components/widgets/mui-steppers/horizontal-linear-stepper.js';
// import { HorizontalNonLinearStepper } from 'src/components/widgets/mui-steppers/horizontal-non-linear-stepper.js';
// import { HorizontalStepperWithError } from 'src/components/widgets/mui-steppers/horizontal-stepper-with-error.js';
// import { ProgressMobileStepper } from 'src/components/widgets/mui-steppers/progress-mobile-stepper.js';
// import { SwipeableTextMobileStepper } from 'src/components/widgets/mui-steppers/swipeable-text-mobile-stepper.js';
// import { TextMobileStepper } from 'src/components/widgets/mui-steppers/text-mobile-stepper.js';
// import { VerticalLinearStepper } from 'src/components/widgets/mui-steppers/vertical-linear-stepper.js';

// switches imports listing
    
// import { BasicSwitches } from 'src/components/widgets/mui-switches/basic-switches.js';
// import { ColorSwitches } from 'src/components/widgets/mui-switches/color-switches.js';
// import { ControlledSwitches } from 'src/components/widgets/mui-switches/controlled-switches.js';
// import { CustomizedSwitches } from 'src/components/widgets/mui-switches/customized-switches.js';
// import { FormControlLabelPosition } from 'src/components/widgets/mui-switches/form-control-label-position.js';
// import { SwitchLabels } from 'src/components/widgets/mui-switches/switch-labels.js';
// import { SwitchesGroup } from 'src/components/widgets/mui-switches/switches-group.js';
// import { SwitchesSize } from 'src/components/widgets/mui-switches/switches-size.js';